INFO:  latexindent.pl version 3.19.1, 2022-12-04, a script to indent .tex files
       latexindent.pl lives here: C:/Users/henri/AppData/Local/Programs/MiKTeX/scripts/latexindent/
       Thu Jan  5 17:51:59 2023
       Filename: c:/Users/henri/OneDrive/Documents/Faculdade/LtTest/__latexindent_temp_test.tex
INFO:  Processing switches:
       -y|--yaml: YAML settings specified via command line
       -c|--cruft: cruft directory
INFO:  Directory for backup files and c:/Users/henri/OneDrive/Documents/Faculdade/LtTest//indent.log:
       c:/Users/henri/OneDrive/Documents/Faculdade/LtTest/
INFO:  Perl modules are being loaded from the following directories:
       C:/Strawberry/perl/lib/FindBin.pm
       C:/Strawberry/perl/vendor/lib/YAML/Tiny.pm
       C:/Strawberry/perl/lib/File/Copy.pm
       C:/Strawberry/perl/lib/File/Basename.pm
       C:/Strawberry/perl/lib/Getopt/Long.pm
       C:/Strawberry/perl/vendor/lib/File/HomeDir.pm
INFO:  LatexIndent perl modules are being loaded from, for example:
       C:/Users/henri/AppData/Local/Programs/MiKTeX/scripts/latexindent/LatexIndent/Document.pm
INFO:  YAML settings read: defaultSettings.yaml
       Reading defaultSettings.yaml from C:/Users/henri/AppData/Local/Programs/MiKTeX/scripts/latexindent/defaultSettings.yaml
INFO:  YAML settings read: indentconfig.yaml or .indentconfig.yaml
       Home directory is C:\Users\henri (didn't find either indentconfig.yaml or .indentconfig.yaml)
       To specify user settings you would put indentconfig.yaml here: C:\Users\henri/indentconfig.yaml
       Alternatively, you can use the hidden file .indentconfig.yaml as: C:\Users\henri/.indentconfig.yaml
INFO:  YAML settings read: -y switch
       YAML setting: defaultIndent:'    '
       single-quoted string found in -y switch: '    ', substitute to     
       Updating mainSettings with defaultIndent:     
FATAL I couldn't find c:/Users/henri/OneDrive/Documents/Faculdade/LtTest/__latexindent_temp_test.tex, are you sure it exists?
      Exiting, no indendation done.
       --------------
INFO:  Please direct all communication/issues to:
        https://github.com/cmhughes/latexindent.pl
